<?xml version="1.0" encoding="UTF-8"?>
<testng-results ignored="0" total="3" passed="3" failed="0" skipped="0">
  <reporter-output>
  </reporter-output>
  <suite started-at="2026-07-24T17:13:41 IST" name="LeafTapApplication" finished-at="2026-07-24T17:14:20 IST" duration-ms="38676">
    <groups>
      <group name="cucumber">
        <method signature="AbstractTestNGCucumberTests.runScenario(io.cucumber.testng.PickleWrapper,io.cucumber.testng.FeatureWrapper)[pri:0, instance:runner.RunnerCucumber@be64738]" name="runScenario" class="io.cucumber.testng.AbstractTestNGCucumberTests"/>
      </group> <!-- cucumber -->
    </groups>
    <test started-at="2026-07-24T17:13:41 IST" name="Module 1" finished-at="2026-07-24T17:14:20 IST" duration-ms="38676">
      <class name="runner.RunnerCucumber">
        <test-method is-config="true" signature="setUpClass(org.testng.ITestContext)[pri:0, instance:runner.RunnerCucumber@be64738]" started-at="2026-07-24T17:13:41 IST" name="setUpClass" finished-at="2026-07-24T17:13:42 IST" duration-ms="222" status="PASS">
          <params>
            <param index="0">
              <value>
                <![CDATA[org.testng.TestRunner@706cb08]]>
              </value>
            </param>
          </params>
          <reporter-output>
          </reporter-output>
        </test-method> <!-- setUpClass -->
        <test-method is-config="true" signature="preConditions()[pri:0, instance:runner.RunnerCucumber@be64738]" started-at="2026-07-24T17:13:42 IST" name="preConditions" finished-at="2026-07-24T17:13:46 IST" duration-ms="4136" status="PASS">
          <reporter-output>
          </reporter-output>
        </test-method> <!-- preConditions -->
        <test-method signature="runScenario(io.cucumber.testng.PickleWrapper,io.cucumber.testng.FeatureWrapper)[pri:0, instance:runner.RunnerCucumber@be64738]" started-at="2026-07-24T17:13:46 IST" name="runScenario" description="Runs Cucumber Scenarios" data-provider="scenarios" finished-at="2026-07-24T17:13:54 IST" duration-ms="8487" status="PASS">
          <params>
            <param index="0">
              <value>
                <![CDATA["CreateLead with multiple data"]]>
              </value>
            </param>
            <param index="1">
              <value>
                <![CDATA["Create lead functionality for LeafTaps Application"]]>
              </value>
            </param>
          </params>
          <reporter-output>
          </reporter-output>
        </test-method> <!-- runScenario -->
        <test-method is-config="true" signature="postConditions()[pri:0, instance:runner.RunnerCucumber@be64738]" started-at="2026-07-24T17:13:54 IST" name="postConditions" finished-at="2026-07-24T17:13:54 IST" duration-ms="146" status="PASS">
          <reporter-output>
          </reporter-output>
        </test-method> <!-- postConditions -->
        <test-method is-config="true" signature="preConditions()[pri:0, instance:runner.RunnerCucumber@be64738]" started-at="2026-07-24T17:13:54 IST" name="preConditions" finished-at="2026-07-24T17:13:57 IST" duration-ms="2560" status="PASS">
          <reporter-output>
          </reporter-output>
        </test-method> <!-- preConditions -->
        <test-method signature="runScenario(io.cucumber.testng.PickleWrapper,io.cucumber.testng.FeatureWrapper)[pri:0, instance:runner.RunnerCucumber@be64738]" started-at="2026-07-24T17:13:57 IST" name="runScenario" description="Runs Cucumber Scenarios" data-provider="scenarios" finished-at="2026-07-24T17:14:07 IST" duration-ms="9738" status="PASS">
          <params>
            <param index="0">
              <value>
                <![CDATA["CreateLead with multiple data"]]>
              </value>
            </param>
            <param index="1">
              <value>
                <![CDATA["Create lead functionality for LeafTaps Application"]]>
              </value>
            </param>
          </params>
          <reporter-output>
          </reporter-output>
        </test-method> <!-- runScenario -->
        <test-method is-config="true" signature="postConditions()[pri:0, instance:runner.RunnerCucumber@be64738]" started-at="2026-07-24T17:14:07 IST" name="postConditions" finished-at="2026-07-24T17:14:07 IST" duration-ms="136" status="PASS">
          <reporter-output>
          </reporter-output>
        </test-method> <!-- postConditions -->
        <test-method is-config="true" signature="preConditions()[pri:0, instance:runner.RunnerCucumber@be64738]" started-at="2026-07-24T17:14:07 IST" name="preConditions" finished-at="2026-07-24T17:14:11 IST" duration-ms="4093" status="PASS">
          <reporter-output>
          </reporter-output>
        </test-method> <!-- preConditions -->
        <test-method signature="runScenario(io.cucumber.testng.PickleWrapper,io.cucumber.testng.FeatureWrapper)[pri:0, instance:runner.RunnerCucumber@be64738]" started-at="2026-07-24T17:14:11 IST" name="runScenario" description="Runs Cucumber Scenarios" data-provider="scenarios" finished-at="2026-07-24T17:14:20 IST" duration-ms="8965" status="PASS">
          <params>
            <param index="0">
              <value>
                <![CDATA["CreateLead with multiple data"]]>
              </value>
            </param>
            <param index="1">
              <value>
                <![CDATA["Create lead functionality for LeafTaps Application"]]>
              </value>
            </param>
          </params>
          <reporter-output>
          </reporter-output>
        </test-method> <!-- runScenario -->
        <test-method is-config="true" signature="postConditions()[pri:0, instance:runner.RunnerCucumber@be64738]" started-at="2026-07-24T17:14:20 IST" name="postConditions" finished-at="2026-07-24T17:14:20 IST" duration-ms="138" status="PASS">
          <reporter-output>
          </reporter-output>
        </test-method> <!-- postConditions -->
        <test-method is-config="true" signature="tearDownClass()[pri:0, instance:runner.RunnerCucumber@be64738]" started-at="2026-07-24T17:14:20 IST" name="tearDownClass" finished-at="2026-07-24T17:14:20 IST" duration-ms="9" status="PASS">
          <reporter-output>
          </reporter-output>
        </test-method> <!-- tearDownClass -->
      </class> <!-- runner.RunnerCucumber -->
    </test> <!-- Module 1 -->
  </suite> <!-- LeafTapApplication -->
</testng-results>
