<?xml version="1.0" encoding="UTF-8"?>
<!-- Generated by org.testng.reporters.JUnitReportReporter -->
<testsuite hostname="LAPTOP-JCC1Q30I" failures="0" tests="3" name="runner.RunnerCucumber" time="38.399" errors="0" timestamp="2026-07-24T17:14:20 IST" skipped="0">
  <testcase classname="runner.RunnerCucumber" name="runScenario" time="14.012"/>
  <testcase classname="runner.RunnerCucumber" name="runScenario" time="11.661"/>
  <testcase classname="runner.RunnerCucumber" name="runScenario" time="12.726"/>
</testsuite> <!-- runner.RunnerCucumber -->
