<?xml version="1.0" encoding="UTF-8"?>
<!-- Generated by org.testng.reporters.JUnitReportReporter -->
<testsuite hostname="LAPTOP-JCC1Q30I" failures="0" tests="3" name="runner.RunnerCucumber" time="42.211" errors="0" timestamp="2026-07-01T00:04:07 IST" skipped="0">
  <testcase classname="runner.RunnerCucumber" name="runScenario" time="11.927"/>
  <testcase classname="runner.RunnerCucumber" name="runScenario" time="11.853"/>
  <testcase classname="runner.RunnerCucumber" name="runScenario" time="18.431"/>
</testsuite> <!-- runner.RunnerCucumber -->
